{"numFailedTestSuites":0,"numFailedTests":0,"numPassedTestSuites":1,"numPassedTests":1,"numPendingTestSuites":0,"numPendingTests":0,"numRuntimeErrorTestSuites":0,"numTodoTests":0,"numTotalTestSuites":1,"numTotalTests":1,"openHandles":[],"snapshot":{"added":0,"didUpdate":false,"failure":false,"filesAdded":0,"filesRemoved":0,"filesRemovedList":[],"filesUnmatched":0,"filesUpdated":0,"matched":0,"total":0,"unchecked":0,"uncheckedKeysByFile":[],"unmatched":0,"updated":0},"startTime":1753214145956,"success":true,"testResults":[{"assertionResults":[{"ancestorTitles":["DocumentList Integration"],"duration":116,"failing":false,"failureDetails":[],"failureMessages":[],"fullName":"DocumentList Integration renders and waits for document names to appear","invocations":1,"location":null,"numPassingAsserts":0,"retryReasons":[],"startAt":1753214146605,"status":"passed","title":"renders and waits for document names to appear"}],"endTime":1753214146723,"message":"","name":"C:\\Users\\n_deb\\OneDrive\\Desktop\\DE-website\\__tests__\\integration\\documents.test.tsx","startTime":1753214146308,"status":"passed","summary":""}],"wasInterrupted":false}
