{"numFailedTestSuites":2,"numFailedTests":11,"numPassedTestSuites":7,"numPassedTests":34,"numPendingTestSuites":0,"numPendingTests":1,"numRuntimeErrorTestSuites":0,"numTodoTests":0,"numTotalTestSuites":9,"numTotalTests":46,"openHandles":[],"snapshot":{"added":0,"didUpdate":false,"failure":false,"filesAdded":0,"filesRemoved":0,"filesRemovedList":[],"filesUnmatched":0,"filesUpdated":0,"matched":0,"total":0,"unchecked":0,"uncheckedKeysByFile":[],"unmatched":0,"updated":0},"startTime":1753215313644,"success":false,"testResults":[{"assertionResults":[{"ancestorTitles":[],"duration":83,"failing":false,"failureDetails":[],"failureMessages":[],"fullName":"renders DocumentList and waits for loading spinner to disappear","invocations":1,"location":null,"numPassingAsserts":3,"retryReasons":[],"startAt":1753215314300,"status":"passed","title":"renders DocumentList and waits for loading spinner to disappear"}],"endTime":1753215314384,"message":"","name":"C:\\Users\\n_deb\\OneDrive\\Desktop\\DE-website\\__tests__\\integration\\documents-isolated.test.tsx","startTime":1753215314006,"status":"passed","summary":""},{"assertionResults":[{"ancestorTitles":["HeroSection"],"duration":28,"failing":false,"failureDetails":[{}],"failureMessages":["TypeError: window.matchMedia is not a function\n    at matchMedia (C:\\Users\\n_deb\\OneDrive\\Desktop\\DE-website\\components\\sections\\EnhancedHeroSection.tsx:15:29)\n    at commitHookEffectListMount (C:\\Users\\n_deb\\OneDrive\\Desktop\\DE-website\\node_modules\\react-dom\\cjs\\react-dom.development.js:23189:26)\n    at commitPassiveMountOnFiber (C:\\Users\\n_deb\\OneDrive\\Desktop\\DE-website\\node_modules\\react-dom\\cjs\\react-dom.development.js:24970:11)\n    at commitPassiveMountEffects_complete (C:\\Users\\n_deb\\OneDrive\\Desktop\\DE-website\\node_modules\\react-dom\\cjs\\react-dom.development.js:24930:9)\n    at commitPassiveMountEffects_begin (C:\\Users\\n_deb\\OneDrive\\Desktop\\DE-website\\node_modules\\react-dom\\cjs\\react-dom.development.js:24917:7)\n    at commitPassiveMountEffects (C:\\Users\\n_deb\\OneDrive\\Desktop\\DE-website\\node_modules\\react-dom\\cjs\\react-dom.development.js:24905:3)\n    at flushPassiveEffectsImpl (C:\\Users\\n_deb\\OneDrive\\Desktop\\DE-website\\node_modules\\react-dom\\cjs\\react-dom.development.js:27078:3)\n    at flushPassiveEffects (C:\\Users\\n_deb\\OneDrive\\Desktop\\DE-website\\node_modules\\react-dom\\cjs\\react-dom.development.js:27023:14)\n    at C:\\Users\\n_deb\\OneDrive\\Desktop\\DE-website\\node_modules\\react-dom\\cjs\\react-dom.development.js:26808:9\n    at flushActQueue (C:\\Users\\n_deb\\OneDrive\\Desktop\\DE-website\\node_modules\\react\\cjs\\react.development.js:2667:24)\n    at act (C:\\Users\\n_deb\\OneDrive\\Desktop\\DE-website\\node_modules\\react\\cjs\\react.development.js:2582:11)\n    at C:\\Users\\n_deb\\OneDrive\\Desktop\\DE-website\\node_modules\\@testing-library\\react\\dist\\act-compat.js:47:25\n    at renderRoot (C:\\Users\\n_deb\\OneDrive\\Desktop\\DE-website\\node_modules\\@testing-library\\react\\dist\\pure.js:190:26)\n    at render (C:\\Users\\n_deb\\OneDrive\\Desktop\\DE-website\\node_modules\\@testing-library\\react\\dist\\pure.js:292:10)\n    at Object.<anonymous> (C:\\Users\\n_deb\\OneDrive\\Desktop\\DE-website\\__tests__\\components\\HeroSection.test.tsx:7:33)\n    at Promise.finally.completed (C:\\Users\\n_deb\\OneDrive\\Desktop\\DE-website\\node_modules\\jest-circus\\build\\jestAdapterInit.js:1559:28)\n    at new Promise (<anonymous>)\n    at callAsyncCircusFn (C:\\Users\\n_deb\\OneDrive\\Desktop\\DE-website\\node_modules\\jest-circus\\build\\jestAdapterInit.js:1499:10)\n    at _callCircusTest (C:\\Users\\n_deb\\OneDrive\\Desktop\\DE-website\\node_modules\\jest-circus\\build\\jestAdapterInit.js:1009:40)\n    at _runTest (C:\\Users\\n_deb\\OneDrive\\Desktop\\DE-website\\node_modules\\jest-circus\\build\\jestAdapterInit.js:949:3)\n    at _runTestsForDescribeBlock (C:\\Users\\n_deb\\OneDrive\\Desktop\\DE-website\\node_modules\\jest-circus\\build\\jestAdapterInit.js:839:13)\n    at _runTestsForDescribeBlock (C:\\Users\\n_deb\\OneDrive\\Desktop\\DE-website\\node_modules\\jest-circus\\build\\jestAdapterInit.js:829:11)\n    at run (C:\\Users\\n_deb\\OneDrive\\Desktop\\DE-website\\node_modules\\jest-circus\\build\\jestAdapterInit.js:757:3)\n    at runAndTransformResultsToJestFormat (C:\\Users\\n_deb\\OneDrive\\Desktop\\DE-website\\node_modules\\jest-circus\\build\\jestAdapterInit.js:1920:21)\n    at jestAdapter (C:\\Users\\n_deb\\OneDrive\\Desktop\\DE-website\\node_modules\\jest-circus\\build\\runner.js:101:19)\n    at runTestInternal (C:\\Users\\n_deb\\OneDrive\\Desktop\\DE-website\\node_modules\\jest-runner\\build\\index.js:272:16)\n    at runTest (C:\\Users\\n_deb\\OneDrive\\Desktop\\DE-website\\node_modules\\jest-runner\\build\\index.js:340:7)"],"fullName":"HeroSection renders the main heading","invocations":1,"location":null,"numPassingAsserts":0,"retryReasons":[],"startAt":1753215314479,"status":"failed","title":"renders the main heading"},{"ancestorTitles":["HeroSection"],"duration":10,"failing":false,"failureDetails":[{}],"failureMessages":["TypeError: window.matchMedia is not a function\n    at matchMedia (C:\\Users\\n_deb\\OneDrive\\Desktop\\DE-website\\components\\sections\\EnhancedHeroSection.tsx:15:29)\n    at commitHookEffectListMount (C:\\Users\\n_deb\\OneDrive\\Desktop\\DE-website\\node_modules\\react-dom\\cjs\\react-dom.development.js:23189:26)\n    at commitPassiveMountOnFiber (C:\\Users\\n_deb\\OneDrive\\Desktop\\DE-website\\node_modules\\react-dom\\cjs\\react-dom.development.js:24970:11)\n    at commitPassiveMountEffects_complete (C:\\Users\\n_deb\\OneDrive\\Desktop\\DE-website\\node_modules\\react-dom\\cjs\\react-dom.development.js:24930:9)\n    at commitPassiveMountEffects_begin (C:\\Users\\n_deb\\OneDrive\\Desktop\\DE-website\\node_modules\\react-dom\\cjs\\react-dom.development.js:24917:7)\n    at commitPassiveMountEffects (C:\\Users\\n_deb\\OneDrive\\Desktop\\DE-website\\node_modules\\react-dom\\cjs\\react-dom.development.js:24905:3)\n    at flushPassiveEffectsImpl (C:\\Users\\n_deb\\OneDrive\\Desktop\\DE-website\\node_modules\\react-dom\\cjs\\react-dom.development.js:27078:3)\n    at flushPassiveEffects (C:\\Users\\n_deb\\OneDrive\\Desktop\\DE-website\\node_modules\\react-dom\\cjs\\react-dom.development.js:27023:14)\n    at C:\\Users\\n_deb\\OneDrive\\Desktop\\DE-website\\node_modules\\react-dom\\cjs\\react-dom.development.js:26808:9\n    at flushActQueue (C:\\Users\\n_deb\\OneDrive\\Desktop\\DE-website\\node_modules\\react\\cjs\\react.development.js:2667:24)\n    at act (C:\\Users\\n_deb\\OneDrive\\Desktop\\DE-website\\node_modules\\react\\cjs\\react.development.js:2582:11)\n    at C:\\Users\\n_deb\\OneDrive\\Desktop\\DE-website\\node_modules\\@testing-library\\react\\dist\\act-compat.js:47:25\n    at renderRoot (C:\\Users\\n_deb\\OneDrive\\Desktop\\DE-website\\node_modules\\@testing-library\\react\\dist\\pure.js:190:26)\n    at render (C:\\Users\\n_deb\\OneDrive\\Desktop\\DE-website\\node_modules\\@testing-library\\react\\dist\\pure.js:292:10)\n    at Object.<anonymous> (C:\\Users\\n_deb\\OneDrive\\Desktop\\DE-website\\__tests__\\components\\HeroSection.test.tsx:17:33)\n    at Promise.finally.completed (C:\\Users\\n_deb\\OneDrive\\Desktop\\DE-website\\node_modules\\jest-circus\\build\\jestAdapterInit.js:1559:28)\n    at new Promise (<anonymous>)\n    at callAsyncCircusFn (C:\\Users\\n_deb\\OneDrive\\Desktop\\DE-website\\node_modules\\jest-circus\\build\\jestAdapterInit.js:1499:10)\n    at _callCircusTest (C:\\Users\\n_deb\\OneDrive\\Desktop\\DE-website\\node_modules\\jest-circus\\build\\jestAdapterInit.js:1009:40)\n    at _runTest (C:\\Users\\n_deb\\OneDrive\\Desktop\\DE-website\\node_modules\\jest-circus\\build\\jestAdapterInit.js:949:3)\n    at _runTestsForDescribeBlock (C:\\Users\\n_deb\\OneDrive\\Desktop\\DE-website\\node_modules\\jest-circus\\build\\jestAdapterInit.js:839:13)\n    at _runTestsForDescribeBlock (C:\\Users\\n_deb\\OneDrive\\Desktop\\DE-website\\node_modules\\jest-circus\\build\\jestAdapterInit.js:829:11)\n    at run (C:\\Users\\n_deb\\OneDrive\\Desktop\\DE-website\\node_modules\\jest-circus\\build\\jestAdapterInit.js:757:3)\n    at runAndTransformResultsToJestFormat (C:\\Users\\n_deb\\OneDrive\\Desktop\\DE-website\\node_modules\\jest-circus\\build\\jestAdapterInit.js:1920:21)\n    at jestAdapter (C:\\Users\\n_deb\\OneDrive\\Desktop\\DE-website\\node_modules\\jest-circus\\build\\runner.js:101:19)\n    at runTestInternal (C:\\Users\\n_deb\\OneDrive\\Desktop\\DE-website\\node_modules\\jest-runner\\build\\index.js:272:16)\n    at runTest (C:\\Users\\n_deb\\OneDrive\\Desktop\\DE-website\\node_modules\\jest-runner\\build\\index.js:340:7)"],"fullName":"HeroSection renders the subtitle","invocations":1,"location":null,"numPassingAsserts":0,"retryReasons":[],"startAt":1753215314507,"status":"failed","title":"renders the subtitle"},{"ancestorTitles":["HeroSection"],"duration":9,"failing":false,"failureDetails":[{}],"failureMessages":["TypeError: window.matchMedia is not a function\n    at matchMedia (C:\\Users\\n_deb\\OneDrive\\Desktop\\DE-website\\components\\sections\\EnhancedHeroSection.tsx:15:29)\n    at commitHookEffectListMount (C:\\Users\\n_deb\\OneDrive\\Desktop\\DE-website\\node_modules\\react-dom\\cjs\\react-dom.development.js:23189:26)\n    at commitPassiveMountOnFiber (C:\\Users\\n_deb\\OneDrive\\Desktop\\DE-website\\node_modules\\react-dom\\cjs\\react-dom.development.js:24970:11)\n    at commitPassiveMountEffects_complete (C:\\Users\\n_deb\\OneDrive\\Desktop\\DE-website\\node_modules\\react-dom\\cjs\\react-dom.development.js:24930:9)\n    at commitPassiveMountEffects_begin (C:\\Users\\n_deb\\OneDrive\\Desktop\\DE-website\\node_modules\\react-dom\\cjs\\react-dom.development.js:24917:7)\n    at commitPassiveMountEffects (C:\\Users\\n_deb\\OneDrive\\Desktop\\DE-website\\node_modules\\react-dom\\cjs\\react-dom.development.js:24905:3)\n    at flushPassiveEffectsImpl (C:\\Users\\n_deb\\OneDrive\\Desktop\\DE-website\\node_modules\\react-dom\\cjs\\react-dom.development.js:27078:3)\n    at flushPassiveEffects (C:\\Users\\n_deb\\OneDrive\\Desktop\\DE-website\\node_modules\\react-dom\\cjs\\react-dom.development.js:27023:14)\n    at C:\\Users\\n_deb\\OneDrive\\Desktop\\DE-website\\node_modules\\react-dom\\cjs\\react-dom.development.js:26808:9\n    at flushActQueue (C:\\Users\\n_deb\\OneDrive\\Desktop\\DE-website\\node_modules\\react\\cjs\\react.development.js:2667:24)\n    at act (C:\\Users\\n_deb\\OneDrive\\Desktop\\DE-website\\node_modules\\react\\cjs\\react.development.js:2582:11)\n    at C:\\Users\\n_deb\\OneDrive\\Desktop\\DE-website\\node_modules\\@testing-library\\react\\dist\\act-compat.js:47:25\n    at renderRoot (C:\\Users\\n_deb\\OneDrive\\Desktop\\DE-website\\node_modules\\@testing-library\\react\\dist\\pure.js:190:26)\n    at render (C:\\Users\\n_deb\\OneDrive\\Desktop\\DE-website\\node_modules\\@testing-library\\react\\dist\\pure.js:292:10)\n    at Object.<anonymous> (C:\\Users\\n_deb\\OneDrive\\Desktop\\DE-website\\__tests__\\components\\HeroSection.test.tsx:24:33)\n    at Promise.finally.completed (C:\\Users\\n_deb\\OneDrive\\Desktop\\DE-website\\node_modules\\jest-circus\\build\\jestAdapterInit.js:1559:28)\n    at new Promise (<anonymous>)\n    at callAsyncCircusFn (C:\\Users\\n_deb\\OneDrive\\Desktop\\DE-website\\node_modules\\jest-circus\\build\\jestAdapterInit.js:1499:10)\n    at _callCircusTest (C:\\Users\\n_deb\\OneDrive\\Desktop\\DE-website\\node_modules\\jest-circus\\build\\jestAdapterInit.js:1009:40)\n    at _runTest (C:\\Users\\n_deb\\OneDrive\\Desktop\\DE-website\\node_modules\\jest-circus\\build\\jestAdapterInit.js:949:3)\n    at _runTestsForDescribeBlock (C:\\Users\\n_deb\\OneDrive\\Desktop\\DE-website\\node_modules\\jest-circus\\build\\jestAdapterInit.js:839:13)\n    at _runTestsForDescribeBlock (C:\\Users\\n_deb\\OneDrive\\Desktop\\DE-website\\node_modules\\jest-circus\\build\\jestAdapterInit.js:829:11)\n    at run (C:\\Users\\n_deb\\OneDrive\\Desktop\\DE-website\\node_modules\\jest-circus\\build\\jestAdapterInit.js:757:3)\n    at runAndTransformResultsToJestFormat (C:\\Users\\n_deb\\OneDrive\\Desktop\\DE-website\\node_modules\\jest-circus\\build\\jestAdapterInit.js:1920:21)\n    at jestAdapter (C:\\Users\\n_deb\\OneDrive\\Desktop\\DE-website\\node_modules\\jest-circus\\build\\runner.js:101:19)\n    at runTestInternal (C:\\Users\\n_deb\\OneDrive\\Desktop\\DE-website\\node_modules\\jest-runner\\build\\index.js:272:16)\n    at runTest (C:\\Users\\n_deb\\OneDrive\\Desktop\\DE-website\\node_modules\\jest-runner\\build\\index.js:340:7)"],"fullName":"HeroSection renders call-to-action buttons","invocations":1,"location":null,"numPassingAsserts":0,"retryReasons":[],"startAt":1753215314518,"status":"failed","title":"renders call-to-action buttons"},{"ancestorTitles":["HeroSection"],"duration":13,"failing":false,"failureDetails":[{}],"failureMessages":["TypeError: window.matchMedia is not a function\n    at matchMedia (C:\\Users\\n_deb\\OneDrive\\Desktop\\DE-website\\components\\sections\\EnhancedHeroSection.tsx:15:29)\n    at commitHookEffectListMount (C:\\Users\\n_deb\\OneDrive\\Desktop\\DE-website\\node_modules\\react-dom\\cjs\\react-dom.development.js:23189:26)\n    at commitPassiveMountOnFiber (C:\\Users\\n_deb\\OneDrive\\Desktop\\DE-website\\node_modules\\react-dom\\cjs\\react-dom.development.js:24970:11)\n    at commitPassiveMountEffects_complete (C:\\Users\\n_deb\\OneDrive\\Desktop\\DE-website\\node_modules\\react-dom\\cjs\\react-dom.development.js:24930:9)\n    at commitPassiveMountEffects_begin (C:\\Users\\n_deb\\OneDrive\\Desktop\\DE-website\\node_modules\\react-dom\\cjs\\react-dom.development.js:24917:7)\n    at commitPassiveMountEffects (C:\\Users\\n_deb\\OneDrive\\Desktop\\DE-website\\node_modules\\react-dom\\cjs\\react-dom.development.js:24905:3)\n    at flushPassiveEffectsImpl (C:\\Users\\n_deb\\OneDrive\\Desktop\\DE-website\\node_modules\\react-dom\\cjs\\react-dom.development.js:27078:3)\n    at flushPassiveEffects (C:\\Users\\n_deb\\OneDrive\\Desktop\\DE-website\\node_modules\\react-dom\\cjs\\react-dom.development.js:27023:14)\n    at C:\\Users\\n_deb\\OneDrive\\Desktop\\DE-website\\node_modules\\react-dom\\cjs\\react-dom.development.js:26808:9\n    at flushActQueue (C:\\Users\\n_deb\\OneDrive\\Desktop\\DE-website\\node_modules\\react\\cjs\\react.development.js:2667:24)\n    at act (C:\\Users\\n_deb\\OneDrive\\Desktop\\DE-website\\node_modules\\react\\cjs\\react.development.js:2582:11)\n    at C:\\Users\\n_deb\\OneDrive\\Desktop\\DE-website\\node_modules\\@testing-library\\react\\dist\\act-compat.js:47:25\n    at renderRoot (C:\\Users\\n_deb\\OneDrive\\Desktop\\DE-website\\node_modules\\@testing-library\\react\\dist\\pure.js:190:26)\n    at render (C:\\Users\\n_deb\\OneDrive\\Desktop\\DE-website\\node_modules\\@testing-library\\react\\dist\\pure.js:292:10)\n    at Object.<anonymous> (C:\\Users\\n_deb\\OneDrive\\Desktop\\DE-website\\__tests__\\components\\HeroSection.test.tsx:37:33)\n    at Promise.finally.completed (C:\\Users\\n_deb\\OneDrive\\Desktop\\DE-website\\node_modules\\jest-circus\\build\\jestAdapterInit.js:1559:28)\n    at new Promise (<anonymous>)\n    at callAsyncCircusFn (C:\\Users\\n_deb\\OneDrive\\Desktop\\DE-website\\node_modules\\jest-circus\\build\\jestAdapterInit.js:1499:10)\n    at _callCircusTest (C:\\Users\\n_deb\\OneDrive\\Desktop\\DE-website\\node_modules\\jest-circus\\build\\jestAdapterInit.js:1009:40)\n    at _runTest (C:\\Users\\n_deb\\OneDrive\\Desktop\\DE-website\\node_modules\\jest-circus\\build\\jestAdapterInit.js:949:3)\n    at _runTestsForDescribeBlock (C:\\Users\\n_deb\\OneDrive\\Desktop\\DE-website\\node_modules\\jest-circus\\build\\jestAdapterInit.js:839:13)\n    at _runTestsForDescribeBlock (C:\\Users\\n_deb\\OneDrive\\Desktop\\DE-website\\node_modules\\jest-circus\\build\\jestAdapterInit.js:829:11)\n    at run (C:\\Users\\n_deb\\OneDrive\\Desktop\\DE-website\\node_modules\\jest-circus\\build\\jestAdapterInit.js:757:3)\n    at runAndTransformResultsToJestFormat (C:\\Users\\n_deb\\OneDrive\\Desktop\\DE-website\\node_modules\\jest-circus\\build\\jestAdapterInit.js:1920:21)\n    at jestAdapter (C:\\Users\\n_deb\\OneDrive\\Desktop\\DE-website\\node_modules\\jest-circus\\build\\runner.js:101:19)\n    at runTestInternal (C:\\Users\\n_deb\\OneDrive\\Desktop\\DE-website\\node_modules\\jest-runner\\build\\index.js:272:16)\n    at runTest (C:\\Users\\n_deb\\OneDrive\\Desktop\\DE-website\\node_modules\\jest-runner\\build\\index.js:340:7)"],"fullName":"HeroSection renders key statistics","invocations":1,"location":null,"numPassingAsserts":0,"retryReasons":[],"startAt":1753215314528,"status":"failed","title":"renders key statistics"},{"ancestorTitles":["HeroSection"],"duration":9,"failing":false,"failureDetails":[{}],"failureMessages":["TypeError: window.matchMedia is not a function\n    at matchMedia (C:\\Users\\n_deb\\OneDrive\\Desktop\\DE-website\\components\\sections\\EnhancedHeroSection.tsx:15:29)\n    at commitHookEffectListMount (C:\\Users\\n_deb\\OneDrive\\Desktop\\DE-website\\node_modules\\react-dom\\cjs\\react-dom.development.js:23189:26)\n    at commitPassiveMountOnFiber (C:\\Users\\n_deb\\OneDrive\\Desktop\\DE-website\\node_modules\\react-dom\\cjs\\react-dom.development.js:24970:11)\n    at commitPassiveMountEffects_complete (C:\\Users\\n_deb\\OneDrive\\Desktop\\DE-website\\node_modules\\react-dom\\cjs\\react-dom.development.js:24930:9)\n    at commitPassiveMountEffects_begin (C:\\Users\\n_deb\\OneDrive\\Desktop\\DE-website\\node_modules\\react-dom\\cjs\\react-dom.development.js:24917:7)\n    at commitPassiveMountEffects (C:\\Users\\n_deb\\OneDrive\\Desktop\\DE-website\\node_modules\\react-dom\\cjs\\react-dom.development.js:24905:3)\n    at flushPassiveEffectsImpl (C:\\Users\\n_deb\\OneDrive\\Desktop\\DE-website\\node_modules\\react-dom\\cjs\\react-dom.development.js:27078:3)\n    at flushPassiveEffects (C:\\Users\\n_deb\\OneDrive\\Desktop\\DE-website\\node_modules\\react-dom\\cjs\\react-dom.development.js:27023:14)\n    at C:\\Users\\n_deb\\OneDrive\\Desktop\\DE-website\\node_modules\\react-dom\\cjs\\react-dom.development.js:26808:9\n    at flushActQueue (C:\\Users\\n_deb\\OneDrive\\Desktop\\DE-website\\node_modules\\react\\cjs\\react.development.js:2667:24)\n    at act (C:\\Users\\n_deb\\OneDrive\\Desktop\\DE-website\\node_modules\\react\\cjs\\react.development.js:2582:11)\n    at C:\\Users\\n_deb\\OneDrive\\Desktop\\DE-website\\node_modules\\@testing-library\\react\\dist\\act-compat.js:47:25\n    at renderRoot (C:\\Users\\n_deb\\OneDrive\\Desktop\\DE-website\\node_modules\\@testing-library\\react\\dist\\pure.js:190:26)\n    at render (C:\\Users\\n_deb\\OneDrive\\Desktop\\DE-website\\node_modules\\@testing-library\\react\\dist\\pure.js:292:10)\n    at Object.<anonymous> (C:\\Users\\n_deb\\OneDrive\\Desktop\\DE-website\\__tests__\\components\\HeroSection.test.tsx:49:33)\n    at Promise.finally.completed (C:\\Users\\n_deb\\OneDrive\\Desktop\\DE-website\\node_modules\\jest-circus\\build\\jestAdapterInit.js:1559:28)\n    at new Promise (<anonymous>)\n    at callAsyncCircusFn (C:\\Users\\n_deb\\OneDrive\\Desktop\\DE-website\\node_modules\\jest-circus\\build\\jestAdapterInit.js:1499:10)\n    at _callCircusTest (C:\\Users\\n_deb\\OneDrive\\Desktop\\DE-website\\node_modules\\jest-circus\\build\\jestAdapterInit.js:1009:40)\n    at _runTest (C:\\Users\\n_deb\\OneDrive\\Desktop\\DE-website\\node_modules\\jest-circus\\build\\jestAdapterInit.js:949:3)\n    at _runTestsForDescribeBlock (C:\\Users\\n_deb\\OneDrive\\Desktop\\DE-website\\node_modules\\jest-circus\\build\\jestAdapterInit.js:839:13)\n    at _runTestsForDescribeBlock (C:\\Users\\n_deb\\OneDrive\\Desktop\\DE-website\\node_modules\\jest-circus\\build\\jestAdapterInit.js:829:11)\n    at run (C:\\Users\\n_deb\\OneDrive\\Desktop\\DE-website\\node_modules\\jest-circus\\build\\jestAdapterInit.js:757:3)\n    at runAndTransformResultsToJestFormat (C:\\Users\\n_deb\\OneDrive\\Desktop\\DE-website\\node_modules\\jest-circus\\build\\jestAdapterInit.js:1920:21)\n    at jestAdapter (C:\\Users\\n_deb\\OneDrive\\Desktop\\DE-website\\node_modules\\jest-circus\\build\\runner.js:101:19)\n    at runTestInternal (C:\\Users\\n_deb\\OneDrive\\Desktop\\DE-website\\node_modules\\jest-runner\\build\\index.js:272:16)\n    at runTest (C:\\Users\\n_deb\\OneDrive\\Desktop\\DE-website\\node_modules\\jest-runner\\build\\index.js:340:7)"],"fullName":"HeroSection has proper accessibility attributes","invocations":1,"location":null,"numPassingAsserts":0,"retryReasons":[],"startAt":1753215314542,"status":"failed","title":"has proper accessibility attributes"}],"endTime":1753215314563,"message":"\u001b[1m\u001b[31m  \u001b[1m● \u001b[22m\u001b[1mHeroSection › renders the main heading\u001b[39m\u001b[22m\n\n    TypeError: window.matchMedia is not a function\n\u001b[2m\u001b[22m\n\u001b[2m    \u001b[0m \u001b[90m 13 |\u001b[39m   useEffect(() \u001b[33m=>\u001b[39m {\u001b[22m\n\u001b[2m     \u001b[90m 14 |\u001b[39m     \u001b[90m// Detect mobile or prefers-reduced-motion\u001b[39m\u001b[22m\n\u001b[2m    \u001b[31m\u001b[1m>\u001b[22m\u001b[2m\u001b[39m\u001b[90m 15 |\u001b[39m     \u001b[36mconst\u001b[39m mqMobile \u001b[33m=\u001b[39m window\u001b[33m.\u001b[39mmatchMedia(\u001b[32m'(max-width: 767px)'\u001b[39m)\u001b[33m;\u001b[39m\u001b[22m\n\u001b[2m     \u001b[90m    |\u001b[39m                             \u001b[31m\u001b[1m^\u001b[22m\u001b[2m\u001b[39m\u001b[22m\n\u001b[2m     \u001b[90m 16 |\u001b[39m     \u001b[36mconst\u001b[39m mqReduced \u001b[33m=\u001b[39m window\u001b[33m.\u001b[39mmatchMedia(\u001b[32m'(prefers-reduced-motion: reduce)'\u001b[39m)\u001b[33m;\u001b[39m\u001b[22m\n\u001b[2m     \u001b[90m 17 |\u001b[39m     \u001b[36mconst\u001b[39m check \u001b[33m=\u001b[39m () \u001b[33m=>\u001b[39m\u001b[22m\n\u001b[2m     \u001b[90m 18 |\u001b[39m       setIsMobileOrReduced(mqMobile\u001b[33m.\u001b[39mmatches \u001b[33m||\u001b[39m mqReduced\u001b[33m.\u001b[39mmatches)\u001b[33m;\u001b[39m\u001b[0m\u001b[22m\n\u001b[2m\u001b[22m\n\u001b[2m      \u001b[2mat matchMedia (\u001b[22m\u001b[2mcomponents/sections/EnhancedHeroSection.tsx\u001b[2m:15:29)\u001b[22m\u001b[2m\u001b[22m\n\u001b[2m      \u001b[2mat commitHookEffectListMount (\u001b[22m\u001b[2mnode_modules/react-dom/cjs/react-dom.development.js\u001b[2m:23189:26)\u001b[22m\u001b[2m\u001b[22m\n\u001b[2m      \u001b[2mat commitPassiveMountOnFiber (\u001b[22m\u001b[2mnode_modules/react-dom/cjs/react-dom.development.js\u001b[2m:24970:11)\u001b[22m\u001b[2m\u001b[22m\n\u001b[2m      \u001b[2mat commitPassiveMountEffects_complete (\u001b[22m\u001b[2mnode_modules/react-dom/cjs/react-dom.development.js\u001b[2m:24930:9)\u001b[22m\u001b[2m\u001b[22m\n\u001b[2m      \u001b[2mat commitPassiveMountEffects_begin (\u001b[22m\u001b[2mnode_modules/react-dom/cjs/react-dom.development.js\u001b[2m:24917:7)\u001b[22m\u001b[2m\u001b[22m\n\u001b[2m      \u001b[2mat commitPassiveMountEffects (\u001b[22m\u001b[2mnode_modules/react-dom/cjs/react-dom.development.js\u001b[2m:24905:3)\u001b[22m\u001b[2m\u001b[22m\n\u001b[2m      \u001b[2mat flushPassiveEffectsImpl (\u001b[22m\u001b[2mnode_modules/react-dom/cjs/react-dom.development.js\u001b[2m:27078:3)\u001b[22m\u001b[2m\u001b[22m\n\u001b[2m      \u001b[2mat flushPassiveEffects (\u001b[22m\u001b[2mnode_modules/react-dom/cjs/react-dom.development.js\u001b[2m:27023:14)\u001b[22m\u001b[2m\u001b[22m\n\u001b[2m      \u001b[2mat \u001b[22m\u001b[2mnode_modules/react-dom/cjs/react-dom.development.js\u001b[2m:26808:9\u001b[22m\u001b[2m\u001b[22m\n\u001b[2m      \u001b[2mat flushActQueue (\u001b[22m\u001b[2mnode_modules/react/cjs/react.development.js\u001b[2m:2667:24)\u001b[22m\u001b[2m\u001b[22m\n\u001b[2m      \u001b[2mat act (\u001b[22m\u001b[2mnode_modules/react/cjs/react.development.js\u001b[2m:2582:11)\u001b[22m\u001b[2m\u001b[22m\n\u001b[2m      \u001b[2mat \u001b[22m\u001b[2mnode_modules/@testing-library/react/dist/act-compat.js\u001b[2m:47:25\u001b[22m\u001b[2m\u001b[22m\n\u001b[2m      \u001b[2mat renderRoot (\u001b[22m\u001b[2mnode_modules/@testing-library/react/dist/pure.js\u001b[2m:190:26)\u001b[22m\u001b[2m\u001b[22m\n\u001b[2m      \u001b[2mat render (\u001b[22m\u001b[2mnode_modules/@testing-library/react/dist/pure.js\u001b[2m:292:10)\u001b[22m\u001b[2m\u001b[22m\n\u001b[2m      \u001b[2mat Object.<anonymous> (\u001b[22m\u001b[2m\u001b[0m\u001b[36m__tests__/components/HeroSection.test.tsx\u001b[39m\u001b[0m\u001b[2m:7:33)\u001b[22m\u001b[2m\u001b[22m\n\n\u001b[1m\u001b[31m  \u001b[1m● \u001b[22m\u001b[1mHeroSection › renders the subtitle\u001b[39m\u001b[22m\n\n    TypeError: window.matchMedia is not a function\n\u001b[2m\u001b[22m\n\u001b[2m    \u001b[0m \u001b[90m 13 |\u001b[39m   useEffect(() \u001b[33m=>\u001b[39m {\u001b[22m\n\u001b[2m     \u001b[90m 14 |\u001b[39m     \u001b[90m// Detect mobile or prefers-reduced-motion\u001b[39m\u001b[22m\n\u001b[2m    \u001b[31m\u001b[1m>\u001b[22m\u001b[2m\u001b[39m\u001b[90m 15 |\u001b[39m     \u001b[36mconst\u001b[39m mqMobile \u001b[33m=\u001b[39m window\u001b[33m.\u001b[39mmatchMedia(\u001b[32m'(max-width: 767px)'\u001b[39m)\u001b[33m;\u001b[39m\u001b[22m\n\u001b[2m     \u001b[90m    |\u001b[39m                             \u001b[31m\u001b[1m^\u001b[22m\u001b[2m\u001b[39m\u001b[22m\n\u001b[2m     \u001b[90m 16 |\u001b[39m     \u001b[36mconst\u001b[39m mqReduced \u001b[33m=\u001b[39m window\u001b[33m.\u001b[39mmatchMedia(\u001b[32m'(prefers-reduced-motion: reduce)'\u001b[39m)\u001b[33m;\u001b[39m\u001b[22m\n\u001b[2m     \u001b[90m 17 |\u001b[39m     \u001b[36mconst\u001b[39m check \u001b[33m=\u001b[39m () \u001b[33m=>\u001b[39m\u001b[22m\n\u001b[2m     \u001b[90m 18 |\u001b[39m       setIsMobileOrReduced(mqMobile\u001b[33m.\u001b[39mmatches \u001b[33m||\u001b[39m mqReduced\u001b[33m.\u001b[39mmatches)\u001b[33m;\u001b[39m\u001b[0m\u001b[22m\n\u001b[2m\u001b[22m\n\u001b[2m      \u001b[2mat matchMedia (\u001b[22m\u001b[2mcomponents/sections/EnhancedHeroSection.tsx\u001b[2m:15:29)\u001b[22m\u001b[2m\u001b[22m\n\u001b[2m      \u001b[2mat commitHookEffectListMount (\u001b[22m\u001b[2mnode_modules/react-dom/cjs/react-dom.development.js\u001b[2m:23189:26)\u001b[22m\u001b[2m\u001b[22m\n\u001b[2m      \u001b[2mat commitPassiveMountOnFiber (\u001b[22m\u001b[2mnode_modules/react-dom/cjs/react-dom.development.js\u001b[2m:24970:11)\u001b[22m\u001b[2m\u001b[22m\n\u001b[2m      \u001b[2mat commitPassiveMountEffects_complete (\u001b[22m\u001b[2mnode_modules/react-dom/cjs/react-dom.development.js\u001b[2m:24930:9)\u001b[22m\u001b[2m\u001b[22m\n\u001b[2m      \u001b[2mat commitPassiveMountEffects_begin (\u001b[22m\u001b[2mnode_modules/react-dom/cjs/react-dom.development.js\u001b[2m:24917:7)\u001b[22m\u001b[2m\u001b[22m\n\u001b[2m      \u001b[2mat commitPassiveMountEffects (\u001b[22m\u001b[2mnode_modules/react-dom/cjs/react-dom.development.js\u001b[2m:24905:3)\u001b[22m\u001b[2m\u001b[22m\n\u001b[2m      \u001b[2mat flushPassiveEffectsImpl (\u001b[22m\u001b[2mnode_modules/react-dom/cjs/react-dom.development.js\u001b[2m:27078:3)\u001b[22m\u001b[2m\u001b[22m\n\u001b[2m      \u001b[2mat flushPassiveEffects (\u001b[22m\u001b[2mnode_modules/react-dom/cjs/react-dom.development.js\u001b[2m:27023:14)\u001b[22m\u001b[2m\u001b[22m\n\u001b[2m      \u001b[2mat \u001b[22m\u001b[2mnode_modules/react-dom/cjs/react-dom.development.js\u001b[2m:26808:9\u001b[22m\u001b[2m\u001b[22m\n\u001b[2m      \u001b[2mat flushActQueue (\u001b[22m\u001b[2mnode_modules/react/cjs/react.development.js\u001b[2m:2667:24)\u001b[22m\u001b[2m\u001b[22m\n\u001b[2m      \u001b[2mat act (\u001b[22m\u001b[2mnode_modules/react/cjs/react.development.js\u001b[2m:2582:11)\u001b[22m\u001b[2m\u001b[22m\n\u001b[2m      \u001b[2mat \u001b[22m\u001b[2mnode_modules/@testing-library/react/dist/act-compat.js\u001b[2m:47:25\u001b[22m\u001b[2m\u001b[22m\n\u001b[2m      \u001b[2mat renderRoot (\u001b[22m\u001b[2mnode_modules/@testing-library/react/dist/pure.js\u001b[2m:190:26)\u001b[22m\u001b[2m\u001b[22m\n\u001b[2m      \u001b[2mat render (\u001b[22m\u001b[2mnode_modules/@testing-library/react/dist/pure.js\u001b[2m:292:10)\u001b[22m\u001b[2m\u001b[22m\n\u001b[2m      \u001b[2mat Object.<anonymous> (\u001b[22m\u001b[2m\u001b[0m\u001b[36m__tests__/components/HeroSection.test.tsx\u001b[39m\u001b[0m\u001b[2m:17:33)\u001b[22m\u001b[2m\u001b[22m\n\n\u001b[1m\u001b[31m  \u001b[1m● \u001b[22m\u001b[1mHeroSection › renders call-to-action buttons\u001b[39m\u001b[22m\n\n    TypeError: window.matchMedia is not a function\n\u001b[2m\u001b[22m\n\u001b[2m    \u001b[0m \u001b[90m 13 |\u001b[39m   useEffect(() \u001b[33m=>\u001b[39m {\u001b[22m\n\u001b[2m     \u001b[90m 14 |\u001b[39m     \u001b[90m// Detect mobile or prefers-reduced-motion\u001b[39m\u001b[22m\n\u001b[2m    \u001b[31m\u001b[1m>\u001b[22m\u001b[2m\u001b[39m\u001b[90m 15 |\u001b[39m     \u001b[36mconst\u001b[39m mqMobile \u001b[33m=\u001b[39m window\u001b[33m.\u001b[39mmatchMedia(\u001b[32m'(max-width: 767px)'\u001b[39m)\u001b[33m;\u001b[39m\u001b[22m\n\u001b[2m     \u001b[90m    |\u001b[39m                             \u001b[31m\u001b[1m^\u001b[22m\u001b[2m\u001b[39m\u001b[22m\n\u001b[2m     \u001b[90m 16 |\u001b[39m     \u001b[36mconst\u001b[39m mqReduced \u001b[33m=\u001b[39m window\u001b[33m.\u001b[39mmatchMedia(\u001b[32m'(prefers-reduced-motion: reduce)'\u001b[39m)\u001b[33m;\u001b[39m\u001b[22m\n\u001b[2m     \u001b[90m 17 |\u001b[39m     \u001b[36mconst\u001b[39m check \u001b[33m=\u001b[39m () \u001b[33m=>\u001b[39m\u001b[22m\n\u001b[2m     \u001b[90m 18 |\u001b[39m       setIsMobileOrReduced(mqMobile\u001b[33m.\u001b[39mmatches \u001b[33m||\u001b[39m mqReduced\u001b[33m.\u001b[39mmatches)\u001b[33m;\u001b[39m\u001b[0m\u001b[22m\n\u001b[2m\u001b[22m\n\u001b[2m      \u001b[2mat matchMedia (\u001b[22m\u001b[2mcomponents/sections/EnhancedHeroSection.tsx\u001b[2m:15:29)\u001b[22m\u001b[2m\u001b[22m\n\u001b[2m      \u001b[2mat commitHookEffectListMount (\u001b[22m\u001b[2mnode_modules/react-dom/cjs/react-dom.development.js\u001b[2m:23189:26)\u001b[22m\u001b[2m\u001b[22m\n\u001b[2m      \u001b[2mat commitPassiveMountOnFiber (\u001b[22m\u001b[2mnode_modules/react-dom/cjs/react-dom.development.js\u001b[2m:24970:11)\u001b[22m\u001b[2m\u001b[22m\n\u001b[2m      \u001b[2mat commitPassiveMountEffects_complete (\u001b[22m\u001b[2mnode_modules/react-dom/cjs/react-dom.development.js\u001b[2m:24930:9)\u001b[22m\u001b[2m\u001b[22m\n\u001b[2m      \u001b[2mat commitPassiveMountEffects_begin (\u001b[22m\u001b[2mnode_modules/react-dom/cjs/react-dom.development.js\u001b[2m:24917:7)\u001b[22m\u001b[2m\u001b[22m\n\u001b[2m      \u001b[2mat commitPassiveMountEffects (\u001b[22m\u001b[2mnode_modules/react-dom/cjs/react-dom.development.js\u001b[2m:24905:3)\u001b[22m\u001b[2m\u001b[22m\n\u001b[2m      \u001b[2mat flushPassiveEffectsImpl (\u001b[22m\u001b[2mnode_modules/react-dom/cjs/react-dom.development.js\u001b[2m:27078:3)\u001b[22m\u001b[2m\u001b[22m\n\u001b[2m      \u001b[2mat flushPassiveEffects (\u001b[22m\u001b[2mnode_modules/react-dom/cjs/react-dom.development.js\u001b[2m:27023:14)\u001b[22m\u001b[2m\u001b[22m\n\u001b[2m      \u001b[2mat \u001b[22m\u001b[2mnode_modules/react-dom/cjs/react-dom.development.js\u001b[2m:26808:9\u001b[22m\u001b[2m\u001b[22m\n\u001b[2m      \u001b[2mat flushActQueue (\u001b[22m\u001b[2mnode_modules/react/cjs/react.development.js\u001b[2m:2667:24)\u001b[22m\u001b[2m\u001b[22m\n\u001b[2m      \u001b[2mat act (\u001b[22m\u001b[2mnode_modules/react/cjs/react.development.js\u001b[2m:2582:11)\u001b[22m\u001b[2m\u001b[22m\n\u001b[2m      \u001b[2mat \u001b[22m\u001b[2mnode_modules/@testing-library/react/dist/act-compat.js\u001b[2m:47:25\u001b[22m\u001b[2m\u001b[22m\n\u001b[2m      \u001b[2mat renderRoot (\u001b[22m\u001b[2mnode_modules/@testing-library/react/dist/pure.js\u001b[2m:190:26)\u001b[22m\u001b[2m\u001b[22m\n\u001b[2m      \u001b[2mat render (\u001b[22m\u001b[2mnode_modules/@testing-library/react/dist/pure.js\u001b[2m:292:10)\u001b[22m\u001b[2m\u001b[22m\n\u001b[2m      \u001b[2mat Object.<anonymous> (\u001b[22m\u001b[2m\u001b[0m\u001b[36m__tests__/components/HeroSection.test.tsx\u001b[39m\u001b[0m\u001b[2m:24:33)\u001b[22m\u001b[2m\u001b[22m\n\n\u001b[1m\u001b[31m  \u001b[1m● \u001b[22m\u001b[1mHeroSection › renders key statistics\u001b[39m\u001b[22m\n\n    TypeError: window.matchMedia is not a function\n\u001b[2m\u001b[22m\n\u001b[2m    \u001b[0m \u001b[90m 13 |\u001b[39m   useEffect(() \u001b[33m=>\u001b[39m {\u001b[22m\n\u001b[2m     \u001b[90m 14 |\u001b[39m     \u001b[90m// Detect mobile or prefers-reduced-motion\u001b[39m\u001b[22m\n\u001b[2m    \u001b[31m\u001b[1m>\u001b[22m\u001b[2m\u001b[39m\u001b[90m 15 |\u001b[39m     \u001b[36mconst\u001b[39m mqMobile \u001b[33m=\u001b[39m window\u001b[33m.\u001b[39mmatchMedia(\u001b[32m'(max-width: 767px)'\u001b[39m)\u001b[33m;\u001b[39m\u001b[22m\n\u001b[2m     \u001b[90m    |\u001b[39m                             \u001b[31m\u001b[1m^\u001b[22m\u001b[2m\u001b[39m\u001b[22m\n\u001b[2m     \u001b[90m 16 |\u001b[39m     \u001b[36mconst\u001b[39m mqReduced \u001b[33m=\u001b[39m window\u001b[33m.\u001b[39mmatchMedia(\u001b[32m'(prefers-reduced-motion: reduce)'\u001b[39m)\u001b[33m;\u001b[39m\u001b[22m\n\u001b[2m     \u001b[90m 17 |\u001b[39m     \u001b[36mconst\u001b[39m check \u001b[33m=\u001b[39m () \u001b[33m=>\u001b[39m\u001b[22m\n\u001b[2m     \u001b[90m 18 |\u001b[39m       setIsMobileOrReduced(mqMobile\u001b[33m.\u001b[39mmatches \u001b[33m||\u001b[39m mqReduced\u001b[33m.\u001b[39mmatches)\u001b[33m;\u001b[39m\u001b[0m\u001b[22m\n\u001b[2m\u001b[22m\n\u001b[2m      \u001b[2mat matchMedia (\u001b[22m\u001b[2mcomponents/sections/EnhancedHeroSection.tsx\u001b[2m:15:29)\u001b[22m\u001b[2m\u001b[22m\n\u001b[2m      \u001b[2mat commitHookEffectListMount (\u001b[22m\u001b[2mnode_modules/react-dom/cjs/react-dom.development.js\u001b[2m:23189:26)\u001b[22m\u001b[2m\u001b[22m\n\u001b[2m      \u001b[2mat commitPassiveMountOnFiber (\u001b[22m\u001b[2mnode_modules/react-dom/cjs/react-dom.development.js\u001b[2m:24970:11)\u001b[22m\u001b[2m\u001b[22m\n\u001b[2m      \u001b[2mat commitPassiveMountEffects_complete (\u001b[22m\u001b[2mnode_modules/react-dom/cjs/react-dom.development.js\u001b[2m:24930:9)\u001b[22m\u001b[2m\u001b[22m\n\u001b[2m      \u001b[2mat commitPassiveMountEffects_begin (\u001b[22m\u001b[2mnode_modules/react-dom/cjs/react-dom.development.js\u001b[2m:24917:7)\u001b[22m\u001b[2m\u001b[22m\n\u001b[2m      \u001b[2mat commitPassiveMountEffects (\u001b[22m\u001b[2mnode_modules/react-dom/cjs/react-dom.development.js\u001b[2m:24905:3)\u001b[22m\u001b[2m\u001b[22m\n\u001b[2m      \u001b[2mat flushPassiveEffectsImpl (\u001b[22m\u001b[2mnode_modules/react-dom/cjs/react-dom.development.js\u001b[2m:27078:3)\u001b[22m\u001b[2m\u001b[22m\n\u001b[2m      \u001b[2mat flushPassiveEffects (\u001b[22m\u001b[2mnode_modules/react-dom/cjs/react-dom.development.js\u001b[2m:27023:14)\u001b[22m\u001b[2m\u001b[22m\n\u001b[2m      \u001b[2mat \u001b[22m\u001b[2mnode_modules/react-dom/cjs/react-dom.development.js\u001b[2m:26808:9\u001b[22m\u001b[2m\u001b[22m\n\u001b[2m      \u001b[2mat flushActQueue (\u001b[22m\u001b[2mnode_modules/react/cjs/react.development.js\u001b[2m:2667:24)\u001b[22m\u001b[2m\u001b[22m\n\u001b[2m      \u001b[2mat act (\u001b[22m\u001b[2mnode_modules/react/cjs/react.development.js\u001b[2m:2582:11)\u001b[22m\u001b[2m\u001b[22m\n\u001b[2m      \u001b[2mat \u001b[22m\u001b[2mnode_modules/@testing-library/react/dist/act-compat.js\u001b[2m:47:25\u001b[22m\u001b[2m\u001b[22m\n\u001b[2m      \u001b[2mat renderRoot (\u001b[22m\u001b[2mnode_modules/@testing-library/react/dist/pure.js\u001b[2m:190:26)\u001b[22m\u001b[2m\u001b[22m\n\u001b[2m      \u001b[2mat render (\u001b[22m\u001b[2mnode_modules/@testing-library/react/dist/pure.js\u001b[2m:292:10)\u001b[22m\u001b[2m\u001b[22m\n\u001b[2m      \u001b[2mat Object.<anonymous> (\u001b[22m\u001b[2m\u001b[0m\u001b[36m__tests__/components/HeroSection.test.tsx\u001b[39m\u001b[0m\u001b[2m:37:33)\u001b[22m\u001b[2m\u001b[22m\n\n\u001b[1m\u001b[31m  \u001b[1m● \u001b[22m\u001b[1mHeroSection › has proper accessibility attributes\u001b[39m\u001b[22m\n\n    TypeError: window.matchMedia is not a function\n\u001b[2m\u001b[22m\n\u001b[2m    \u001b[0m \u001b[90m 13 |\u001b[39m   useEffect(() \u001b[33m=>\u001b[39m {\u001b[22m\n\u001b[2m     \u001b[90m 14 |\u001b[39m     \u001b[90m// Detect mobile or prefers-reduced-motion\u001b[39m\u001b[22m\n\u001b[2m    \u001b[31m\u001b[1m>\u001b[22m\u001b[2m\u001b[39m\u001b[90m 15 |\u001b[39m     \u001b[36mconst\u001b[39m mqMobile \u001b[33m=\u001b[39m window\u001b[33m.\u001b[39mmatchMedia(\u001b[32m'(max-width: 767px)'\u001b[39m)\u001b[33m;\u001b[39m\u001b[22m\n\u001b[2m     \u001b[90m    |\u001b[39m                             \u001b[31m\u001b[1m^\u001b[22m\u001b[2m\u001b[39m\u001b[22m\n\u001b[2m     \u001b[90m 16 |\u001b[39m     \u001b[36mconst\u001b[39m mqReduced \u001b[33m=\u001b[39m window\u001b[33m.\u001b[39mmatchMedia(\u001b[32m'(prefers-reduced-motion: reduce)'\u001b[39m)\u001b[33m;\u001b[39m\u001b[22m\n\u001b[2m     \u001b[90m 17 |\u001b[39m     \u001b[36mconst\u001b[39m check \u001b[33m=\u001b[39m () \u001b[33m=>\u001b[39m\u001b[22m\n\u001b[2m     \u001b[90m 18 |\u001b[39m       setIsMobileOrReduced(mqMobile\u001b[33m.\u001b[39mmatches \u001b[33m||\u001b[39m mqReduced\u001b[33m.\u001b[39mmatches)\u001b[33m;\u001b[39m\u001b[0m\u001b[22m\n\u001b[2m\u001b[22m\n\u001b[2m      \u001b[2mat matchMedia (\u001b[22m\u001b[2mcomponents/sections/EnhancedHeroSection.tsx\u001b[2m:15:29)\u001b[22m\u001b[2m\u001b[22m\n\u001b[2m      \u001b[2mat commitHookEffectListMount (\u001b[22m\u001b[2mnode_modules/react-dom/cjs/react-dom.development.js\u001b[2m:23189:26)\u001b[22m\u001b[2m\u001b[22m\n\u001b[2m      \u001b[2mat commitPassiveMountOnFiber (\u001b[22m\u001b[2mnode_modules/react-dom/cjs/react-dom.development.js\u001b[2m:24970:11)\u001b[22m\u001b[2m\u001b[22m\n\u001b[2m      \u001b[2mat commitPassiveMountEffects_complete (\u001b[22m\u001b[2mnode_modules/react-dom/cjs/react-dom.development.js\u001b[2m:24930:9)\u001b[22m\u001b[2m\u001b[22m\n\u001b[2m      \u001b[2mat commitPassiveMountEffects_begin (\u001b[22m\u001b[2mnode_modules/react-dom/cjs/react-dom.development.js\u001b[2m:24917:7)\u001b[22m\u001b[2m\u001b[22m\n\u001b[2m      \u001b[2mat commitPassiveMountEffects (\u001b[22m\u001b[2mnode_modules/react-dom/cjs/react-dom.development.js\u001b[2m:24905:3)\u001b[22m\u001b[2m\u001b[22m\n\u001b[2m      \u001b[2mat flushPassiveEffectsImpl (\u001b[22m\u001b[2mnode_modules/react-dom/cjs/react-dom.development.js\u001b[2m:27078:3)\u001b[22m\u001b[2m\u001b[22m\n\u001b[2m      \u001b[2mat flushPassiveEffects (\u001b[22m\u001b[2mnode_modules/react-dom/cjs/react-dom.development.js\u001b[2m:27023:14)\u001b[22m\u001b[2m\u001b[22m\n\u001b[2m      \u001b[2mat \u001b[22m\u001b[2mnode_modules/react-dom/cjs/react-dom.development.js\u001b[2m:26808:9\u001b[22m\u001b[2m\u001b[22m\n\u001b[2m      \u001b[2mat flushActQueue (\u001b[22m\u001b[2mnode_modules/react/cjs/react.development.js\u001b[2m:2667:24)\u001b[22m\u001b[2m\u001b[22m\n\u001b[2m      \u001b[2mat act (\u001b[22m\u001b[2mnode_modules/react/cjs/react.development.js\u001b[2m:2582:11)\u001b[22m\u001b[2m\u001b[22m\n\u001b[2m      \u001b[2mat \u001b[22m\u001b[2mnode_modules/@testing-library/react/dist/act-compat.js\u001b[2m:47:25\u001b[22m\u001b[2m\u001b[22m\n\u001b[2m      \u001b[2mat renderRoot (\u001b[22m\u001b[2mnode_modules/@testing-library/react/dist/pure.js\u001b[2m:190:26)\u001b[22m\u001b[2m\u001b[22m\n\u001b[2m      \u001b[2mat render (\u001b[22m\u001b[2mnode_modules/@testing-library/react/dist/pure.js\u001b[2m:292:10)\u001b[22m\u001b[2m\u001b[22m\n\u001b[2m      \u001b[2mat Object.<anonymous> (\u001b[22m\u001b[2m\u001b[0m\u001b[36m__tests__/components/HeroSection.test.tsx\u001b[39m\u001b[0m\u001b[2m:49:33)\u001b[22m\u001b[2m\u001b[22m\n","name":"C:\\Users\\n_deb\\OneDrive\\Desktop\\DE-website\\__tests__\\components\\HeroSection.test.tsx","startTime":1753215314393,"status":"failed","summary":""},{"assertionResults":[{"ancestorTitles":["API Integration Tests","Client-side API (apiFetch)"],"duration":0,"failing":false,"failureDetails":[{}],"failureMessages":["TypeError: Cannot read properties of undefined (reading 'mockClear')\n    at Object.mockClear (C:\\Users\\n_deb\\OneDrive\\Desktop\\DE-website\\__tests__\\integration\\api.test.ts:20:15)\n    at Promise.finally.completed (C:\\Users\\n_deb\\OneDrive\\Desktop\\DE-website\\node_modules\\jest-circus\\build\\jestAdapterInit.js:1559:28)\n    at new Promise (<anonymous>)\n    at callAsyncCircusFn (C:\\Users\\n_deb\\OneDrive\\Desktop\\DE-website\\node_modules\\jest-circus\\build\\jestAdapterInit.js:1499:10)\n    at _callCircusHook (C:\\Users\\n_deb\\OneDrive\\Desktop\\DE-website\\node_modules\\jest-circus\\build\\jestAdapterInit.js:978:40)\n    at _runTest (C:\\Users\\n_deb\\OneDrive\\Desktop\\DE-website\\node_modules\\jest-circus\\build\\jestAdapterInit.js:943:5)\n    at _runTestsForDescribeBlock (C:\\Users\\n_deb\\OneDrive\\Desktop\\DE-website\\node_modules\\jest-circus\\build\\jestAdapterInit.js:839:13)\n    at _runTestsForDescribeBlock (C:\\Users\\n_deb\\OneDrive\\Desktop\\DE-website\\node_modules\\jest-circus\\build\\jestAdapterInit.js:829:11)\n    at _runTestsForDescribeBlock (C:\\Users\\n_deb\\OneDrive\\Desktop\\DE-website\\node_modules\\jest-circus\\build\\jestAdapterInit.js:829:11)\n    at run (C:\\Users\\n_deb\\OneDrive\\Desktop\\DE-website\\node_modules\\jest-circus\\build\\jestAdapterInit.js:757:3)\n    at runAndTransformResultsToJestFormat (C:\\Users\\n_deb\\OneDrive\\Desktop\\DE-website\\node_modules\\jest-circus\\build\\jestAdapterInit.js:1920:21)\n    at jestAdapter (C:\\Users\\n_deb\\OneDrive\\Desktop\\DE-website\\node_modules\\jest-circus\\build\\runner.js:101:19)\n    at runTestInternal (C:\\Users\\n_deb\\OneDrive\\Desktop\\DE-website\\node_modules\\jest-runner\\build\\index.js:272:16)\n    at runTest (C:\\Users\\n_deb\\OneDrive\\Desktop\\DE-website\\node_modules\\jest-runner\\build\\index.js:340:7)"],"fullName":"API Integration Tests Client-side API (apiFetch) should make successful GET request without token","invocations":1,"location":null,"numPassingAsserts":0,"retryReasons":[],"startAt":1753215314627,"status":"failed","title":"should make successful GET request without token"},{"ancestorTitles":["API Integration Tests","Client-side API (apiFetch)"],"duration":1,"failing":false,"failureDetails":[{}],"failureMessages":["TypeError: Cannot read properties of undefined (reading 'mockClear')\n    at Object.mockClear (C:\\Users\\n_deb\\OneDrive\\Desktop\\DE-website\\__tests__\\integration\\api.test.ts:20:15)\n    at Promise.finally.completed (C:\\Users\\n_deb\\OneDrive\\Desktop\\DE-website\\node_modules\\jest-circus\\build\\jestAdapterInit.js:1559:28)\n    at new Promise (<anonymous>)\n    at callAsyncCircusFn (C:\\Users\\n_deb\\OneDrive\\Desktop\\DE-website\\node_modules\\jest-circus\\build\\jestAdapterInit.js:1499:10)\n    at _callCircusHook (C:\\Users\\n_deb\\OneDrive\\Desktop\\DE-website\\node_modules\\jest-circus\\build\\jestAdapterInit.js:978:40)\n    at _runTest (C:\\Users\\n_deb\\OneDrive\\Desktop\\DE-website\\node_modules\\jest-circus\\build\\jestAdapterInit.js:943:5)\n    at _runTestsForDescribeBlock (C:\\Users\\n_deb\\OneDrive\\Desktop\\DE-website\\node_modules\\jest-circus\\build\\jestAdapterInit.js:839:13)\n    at _runTestsForDescribeBlock (C:\\Users\\n_deb\\OneDrive\\Desktop\\DE-website\\node_modules\\jest-circus\\build\\jestAdapterInit.js:829:11)\n    at _runTestsForDescribeBlock (C:\\Users\\n_deb\\OneDrive\\Desktop\\DE-website\\node_modules\\jest-circus\\build\\jestAdapterInit.js:829:11)\n    at run (C:\\Users\\n_deb\\OneDrive\\Desktop\\DE-website\\node_modules\\jest-circus\\build\\jestAdapterInit.js:757:3)\n    at runAndTransformResultsToJestFormat (C:\\Users\\n_deb\\OneDrive\\Desktop\\DE-website\\node_modules\\jest-circus\\build\\jestAdapterInit.js:1920:21)\n    at jestAdapter (C:\\Users\\n_deb\\OneDrive\\Desktop\\DE-website\\node_modules\\jest-circus\\build\\runner.js:101:19)\n    at runTestInternal (C:\\Users\\n_deb\\OneDrive\\Desktop\\DE-website\\node_modules\\jest-runner\\build\\index.js:272:16)\n    at runTest (C:\\Users\\n_deb\\OneDrive\\Desktop\\DE-website\\node_modules\\jest-runner\\build\\index.js:340:7)"],"fullName":"API Integration Tests Client-side API (apiFetch) should include auth token when available","invocations":1,"location":null,"numPassingAsserts":0,"retryReasons":[],"startAt":1753215314629,"status":"failed","title":"should include auth token when available"},{"ancestorTitles":["API Integration Tests","Client-side API (apiFetch)"],"duration":0,"failing":false,"failureDetails":[{}],"failureMessages":["TypeError: Cannot read properties of undefined (reading 'mockClear')\n    at Object.mockClear (C:\\Users\\n_deb\\OneDrive\\Desktop\\DE-website\\__tests__\\integration\\api.test.ts:20:15)\n    at Promise.finally.completed (C:\\Users\\n_deb\\OneDrive\\Desktop\\DE-website\\node_modules\\jest-circus\\build\\jestAdapterInit.js:1559:28)\n    at new Promise (<anonymous>)\n    at callAsyncCircusFn (C:\\Users\\n_deb\\OneDrive\\Desktop\\DE-website\\node_modules\\jest-circus\\build\\jestAdapterInit.js:1499:10)\n    at _callCircusHook (C:\\Users\\n_deb\\OneDrive\\Desktop\\DE-website\\node_modules\\jest-circus\\build\\jestAdapterInit.js:978:40)\n    at _runTest (C:\\Users\\n_deb\\OneDrive\\Desktop\\DE-website\\node_modules\\jest-circus\\build\\jestAdapterInit.js:943:5)\n    at _runTestsForDescribeBlock (C:\\Users\\n_deb\\OneDrive\\Desktop\\DE-website\\node_modules\\jest-circus\\build\\jestAdapterInit.js:839:13)\n    at _runTestsForDescribeBlock (C:\\Users\\n_deb\\OneDrive\\Desktop\\DE-website\\node_modules\\jest-circus\\build\\jestAdapterInit.js:829:11)\n    at _runTestsForDescribeBlock (C:\\Users\\n_deb\\OneDrive\\Desktop\\DE-website\\node_modules\\jest-circus\\build\\jestAdapterInit.js:829:11)\n    at run (C:\\Users\\n_deb\\OneDrive\\Desktop\\DE-website\\node_modules\\jest-circus\\build\\jestAdapterInit.js:757:3)\n    at runAndTransformResultsToJestFormat (C:\\Users\\n_deb\\OneDrive\\Desktop\\DE-website\\node_modules\\jest-circus\\build\\jestAdapterInit.js:1920:21)\n    at jestAdapter (C:\\Users\\n_deb\\OneDrive\\Desktop\\DE-website\\node_modules\\jest-circus\\build\\runner.js:101:19)\n    at runTestInternal (C:\\Users\\n_deb\\OneDrive\\Desktop\\DE-website\\node_modules\\jest-runner\\build\\index.js:272:16)\n    at runTest (C:\\Users\\n_deb\\OneDrive\\Desktop\\DE-website\\node_modules\\jest-runner\\build\\index.js:340:7)"],"fullName":"API Integration Tests Client-side API (apiFetch) should handle network errors","invocations":1,"location":null,"numPassingAsserts":0,"retryReasons":[],"startAt":1753215314630,"status":"failed","title":"should handle network errors"},{"ancestorTitles":["API Integration Tests","Client-side API (apiFetch)"],"duration":0,"failing":false,"failureDetails":[{}],"failureMessages":["TypeError: Cannot read properties of undefined (reading 'mockClear')\n    at Object.mockClear (C:\\Users\\n_deb\\OneDrive\\Desktop\\DE-website\\__tests__\\integration\\api.test.ts:20:15)\n    at Promise.finally.completed (C:\\Users\\n_deb\\OneDrive\\Desktop\\DE-website\\node_modules\\jest-circus\\build\\jestAdapterInit.js:1559:28)\n    at new Promise (<anonymous>)\n    at callAsyncCircusFn (C:\\Users\\n_deb\\OneDrive\\Desktop\\DE-website\\node_modules\\jest-circus\\build\\jestAdapterInit.js:1499:10)\n    at _callCircusHook (C:\\Users\\n_deb\\OneDrive\\Desktop\\DE-website\\node_modules\\jest-circus\\build\\jestAdapterInit.js:978:40)\n    at _runTest (C:\\Users\\n_deb\\OneDrive\\Desktop\\DE-website\\node_modules\\jest-circus\\build\\jestAdapterInit.js:943:5)\n    at _runTestsForDescribeBlock (C:\\Users\\n_deb\\OneDrive\\Desktop\\DE-website\\node_modules\\jest-circus\\build\\jestAdapterInit.js:839:13)\n    at _runTestsForDescribeBlock (C:\\Users\\n_deb\\OneDrive\\Desktop\\DE-website\\node_modules\\jest-circus\\build\\jestAdapterInit.js:829:11)\n    at _runTestsForDescribeBlock (C:\\Users\\n_deb\\OneDrive\\Desktop\\DE-website\\node_modules\\jest-circus\\build\\jestAdapterInit.js:829:11)\n    at run (C:\\Users\\n_deb\\OneDrive\\Desktop\\DE-website\\node_modules\\jest-circus\\build\\jestAdapterInit.js:757:3)\n    at runAndTransformResultsToJestFormat (C:\\Users\\n_deb\\OneDrive\\Desktop\\DE-website\\node_modules\\jest-circus\\build\\jestAdapterInit.js:1920:21)\n    at jestAdapter (C:\\Users\\n_deb\\OneDrive\\Desktop\\DE-website\\node_modules\\jest-circus\\build\\runner.js:101:19)\n    at runTestInternal (C:\\Users\\n_deb\\OneDrive\\Desktop\\DE-website\\node_modules\\jest-runner\\build\\index.js:272:16)\n    at runTest (C:\\Users\\n_deb\\OneDrive\\Desktop\\DE-website\\node_modules\\jest-runner\\build\\index.js:340:7)"],"fullName":"API Integration Tests Client-side API (apiFetch) should handle HTTP error responses","invocations":1,"location":null,"numPassingAsserts":0,"retryReasons":[],"startAt":1753215314633,"status":"failed","title":"should handle HTTP error responses"},{"ancestorTitles":["API Integration Tests","Server-side API (serverApiFetch)"],"duration":0,"failing":false,"failureDetails":[{}],"failureMessages":["TypeError: Cannot read properties of undefined (reading 'mockClear')\n    at Object.mockClear (C:\\Users\\n_deb\\OneDrive\\Desktop\\DE-website\\__tests__\\integration\\api.test.ts:20:15)\n    at Promise.finally.completed (C:\\Users\\n_deb\\OneDrive\\Desktop\\DE-website\\node_modules\\jest-circus\\build\\jestAdapterInit.js:1559:28)\n    at new Promise (<anonymous>)\n    at callAsyncCircusFn (C:\\Users\\n_deb\\OneDrive\\Desktop\\DE-website\\node_modules\\jest-circus\\build\\jestAdapterInit.js:1499:10)\n    at _callCircusHook (C:\\Users\\n_deb\\OneDrive\\Desktop\\DE-website\\node_modules\\jest-circus\\build\\jestAdapterInit.js:978:40)\n    at _runTest (C:\\Users\\n_deb\\OneDrive\\Desktop\\DE-website\\node_modules\\jest-circus\\build\\jestAdapterInit.js:943:5)\n    at _runTestsForDescribeBlock (C:\\Users\\n_deb\\OneDrive\\Desktop\\DE-website\\node_modules\\jest-circus\\build\\jestAdapterInit.js:839:13)\n    at _runTestsForDescribeBlock (C:\\Users\\n_deb\\OneDrive\\Desktop\\DE-website\\node_modules\\jest-circus\\build\\jestAdapterInit.js:829:11)\n    at _runTestsForDescribeBlock (C:\\Users\\n_deb\\OneDrive\\Desktop\\DE-website\\node_modules\\jest-circus\\build\\jestAdapterInit.js:829:11)\n    at run (C:\\Users\\n_deb\\OneDrive\\Desktop\\DE-website\\node_modules\\jest-circus\\build\\jestAdapterInit.js:757:3)\n    at runAndTransformResultsToJestFormat (C:\\Users\\n_deb\\OneDrive\\Desktop\\DE-website\\node_modules\\jest-circus\\build\\jestAdapterInit.js:1920:21)\n    at jestAdapter (C:\\Users\\n_deb\\OneDrive\\Desktop\\DE-website\\node_modules\\jest-circus\\build\\runner.js:101:19)\n    at runTestInternal (C:\\Users\\n_deb\\OneDrive\\Desktop\\DE-website\\node_modules\\jest-runner\\build\\index.js:272:16)\n    at runTest (C:\\Users\\n_deb\\OneDrive\\Desktop\\DE-website\\node_modules\\jest-runner\\build\\index.js:340:7)"],"fullName":"API Integration Tests Server-side API (serverApiFetch) should make successful GET request","invocations":1,"location":null,"numPassingAsserts":0,"retryReasons":[],"startAt":1753215314634,"status":"failed","title":"should make successful GET request"},{"ancestorTitles":["API Integration Tests","Server-side API (serverApiFetch)"],"duration":1,"failing":false,"failureDetails":[{}],"failureMessages":["TypeError: Cannot read properties of undefined (reading 'mockClear')\n    at Object.mockClear (C:\\Users\\n_deb\\OneDrive\\Desktop\\DE-website\\__tests__\\integration\\api.test.ts:20:15)\n    at Promise.finally.completed (C:\\Users\\n_deb\\OneDrive\\Desktop\\DE-website\\node_modules\\jest-circus\\build\\jestAdapterInit.js:1559:28)\n    at new Promise (<anonymous>)\n    at callAsyncCircusFn (C:\\Users\\n_deb\\OneDrive\\Desktop\\DE-website\\node_modules\\jest-circus\\build\\jestAdapterInit.js:1499:10)\n    at _callCircusHook (C:\\Users\\n_deb\\OneDrive\\Desktop\\DE-website\\node_modules\\jest-circus\\build\\jestAdapterInit.js:978:40)\n    at _runTest (C:\\Users\\n_deb\\OneDrive\\Desktop\\DE-website\\node_modules\\jest-circus\\build\\jestAdapterInit.js:943:5)\n    at _runTestsForDescribeBlock (C:\\Users\\n_deb\\OneDrive\\Desktop\\DE-website\\node_modules\\jest-circus\\build\\jestAdapterInit.js:839:13)\n    at _runTestsForDescribeBlock (C:\\Users\\n_deb\\OneDrive\\Desktop\\DE-website\\node_modules\\jest-circus\\build\\jestAdapterInit.js:829:11)\n    at _runTestsForDescribeBlock (C:\\Users\\n_deb\\OneDrive\\Desktop\\DE-website\\node_modules\\jest-circus\\build\\jestAdapterInit.js:829:11)\n    at run (C:\\Users\\n_deb\\OneDrive\\Desktop\\DE-website\\node_modules\\jest-circus\\build\\jestAdapterInit.js:757:3)\n    at runAndTransformResultsToJestFormat (C:\\Users\\n_deb\\OneDrive\\Desktop\\DE-website\\node_modules\\jest-circus\\build\\jestAdapterInit.js:1920:21)\n    at jestAdapter (C:\\Users\\n_deb\\OneDrive\\Desktop\\DE-website\\node_modules\\jest-circus\\build\\runner.js:101:19)\n    at runTestInternal (C:\\Users\\n_deb\\OneDrive\\Desktop\\DE-website\\node_modules\\jest-runner\\build\\index.js:272:16)\n    at runTest (C:\\Users\\n_deb\\OneDrive\\Desktop\\DE-website\\node_modules\\jest-runner\\build\\index.js:340:7)"],"fullName":"API Integration Tests Server-side API (serverApiFetch) should handle server-side errors","invocations":1,"location":null,"numPassingAsserts":0,"retryReasons":[],"startAt":1753215314634,"status":"failed","title":"should handle server-side errors"}],"endTime":1753215314640,"message":"\u001b[1m\u001b[31m  \u001b[1m● \u001b[22m\u001b[1mAPI Integration Tests › Client-side API (apiFetch) › should make successful GET request without token\u001b[39m\u001b[22m\n\n    TypeError: Cannot read properties of undefined (reading 'mockClear')\n\u001b[2m\u001b[22m\n\u001b[2m    \u001b[0m \u001b[90m 18 |\u001b[39m describe(\u001b[32m'API Integration Tests'\u001b[39m\u001b[33m,\u001b[39m () \u001b[33m=>\u001b[39m {\u001b[22m\n\u001b[2m     \u001b[90m 19 |\u001b[39m   beforeEach(() \u001b[33m=>\u001b[39m {\u001b[22m\n\u001b[2m    \u001b[31m\u001b[1m>\u001b[22m\u001b[2m\u001b[39m\u001b[90m 20 |\u001b[39m     mockFetch\u001b[33m.\u001b[39mmockClear()\u001b[33m;\u001b[39m\u001b[22m\n\u001b[2m     \u001b[90m    |\u001b[39m               \u001b[31m\u001b[1m^\u001b[22m\u001b[2m\u001b[39m\u001b[22m\n\u001b[2m     \u001b[90m 21 |\u001b[39m     mockLocalStorage\u001b[33m.\u001b[39mgetItem\u001b[33m.\u001b[39mmockClear()\u001b[33m;\u001b[39m\u001b[22m\n\u001b[2m     \u001b[90m 22 |\u001b[39m     mockLocalStorage\u001b[33m.\u001b[39msetItem\u001b[33m.\u001b[39mmockClear()\u001b[33m;\u001b[39m\u001b[22m\n\u001b[2m     \u001b[90m 23 |\u001b[39m     mockLocalStorage\u001b[33m.\u001b[39mremoveItem\u001b[33m.\u001b[39mmockClear()\u001b[33m;\u001b[39m\u001b[0m\u001b[22m\n\u001b[2m\u001b[22m\n\u001b[2m      \u001b[2mat Object.mockClear (\u001b[22m\u001b[2m\u001b[0m\u001b[36m__tests__/integration/api.test.ts\u001b[39m\u001b[0m\u001b[2m:20:15)\u001b[22m\u001b[2m\u001b[22m\n\n\u001b[1m\u001b[31m  \u001b[1m● \u001b[22m\u001b[1mAPI Integration Tests › Client-side API (apiFetch) › should include auth token when available\u001b[39m\u001b[22m\n\n    TypeError: Cannot read properties of undefined (reading 'mockClear')\n\u001b[2m\u001b[22m\n\u001b[2m    \u001b[0m \u001b[90m 18 |\u001b[39m describe(\u001b[32m'API Integration Tests'\u001b[39m\u001b[33m,\u001b[39m () \u001b[33m=>\u001b[39m {\u001b[22m\n\u001b[2m     \u001b[90m 19 |\u001b[39m   beforeEach(() \u001b[33m=>\u001b[39m {\u001b[22m\n\u001b[2m    \u001b[31m\u001b[1m>\u001b[22m\u001b[2m\u001b[39m\u001b[90m 20 |\u001b[39m     mockFetch\u001b[33m.\u001b[39mmockClear()\u001b[33m;\u001b[39m\u001b[22m\n\u001b[2m     \u001b[90m    |\u001b[39m               \u001b[31m\u001b[1m^\u001b[22m\u001b[2m\u001b[39m\u001b[22m\n\u001b[2m     \u001b[90m 21 |\u001b[39m     mockLocalStorage\u001b[33m.\u001b[39mgetItem\u001b[33m.\u001b[39mmockClear()\u001b[33m;\u001b[39m\u001b[22m\n\u001b[2m     \u001b[90m 22 |\u001b[39m     mockLocalStorage\u001b[33m.\u001b[39msetItem\u001b[33m.\u001b[39mmockClear()\u001b[33m;\u001b[39m\u001b[22m\n\u001b[2m     \u001b[90m 23 |\u001b[39m     mockLocalStorage\u001b[33m.\u001b[39mremoveItem\u001b[33m.\u001b[39mmockClear()\u001b[33m;\u001b[39m\u001b[0m\u001b[22m\n\u001b[2m\u001b[22m\n\u001b[2m      \u001b[2mat Object.mockClear (\u001b[22m\u001b[2m\u001b[0m\u001b[36m__tests__/integration/api.test.ts\u001b[39m\u001b[0m\u001b[2m:20:15)\u001b[22m\u001b[2m\u001b[22m\n\n\u001b[1m\u001b[31m  \u001b[1m● \u001b[22m\u001b[1mAPI Integration Tests › Client-side API (apiFetch) › should handle network errors\u001b[39m\u001b[22m\n\n    TypeError: Cannot read properties of undefined (reading 'mockClear')\n\u001b[2m\u001b[22m\n\u001b[2m    \u001b[0m \u001b[90m 18 |\u001b[39m describe(\u001b[32m'API Integration Tests'\u001b[39m\u001b[33m,\u001b[39m () \u001b[33m=>\u001b[39m {\u001b[22m\n\u001b[2m     \u001b[90m 19 |\u001b[39m   beforeEach(() \u001b[33m=>\u001b[39m {\u001b[22m\n\u001b[2m    \u001b[31m\u001b[1m>\u001b[22m\u001b[2m\u001b[39m\u001b[90m 20 |\u001b[39m     mockFetch\u001b[33m.\u001b[39mmockClear()\u001b[33m;\u001b[39m\u001b[22m\n\u001b[2m     \u001b[90m    |\u001b[39m               \u001b[31m\u001b[1m^\u001b[22m\u001b[2m\u001b[39m\u001b[22m\n\u001b[2m     \u001b[90m 21 |\u001b[39m     mockLocalStorage\u001b[33m.\u001b[39mgetItem\u001b[33m.\u001b[39mmockClear()\u001b[33m;\u001b[39m\u001b[22m\n\u001b[2m     \u001b[90m 22 |\u001b[39m     mockLocalStorage\u001b[33m.\u001b[39msetItem\u001b[33m.\u001b[39mmockClear()\u001b[33m;\u001b[39m\u001b[22m\n\u001b[2m     \u001b[90m 23 |\u001b[39m     mockLocalStorage\u001b[33m.\u001b[39mremoveItem\u001b[33m.\u001b[39mmockClear()\u001b[33m;\u001b[39m\u001b[0m\u001b[22m\n\u001b[2m\u001b[22m\n\u001b[2m      \u001b[2mat Object.mockClear (\u001b[22m\u001b[2m\u001b[0m\u001b[36m__tests__/integration/api.test.ts\u001b[39m\u001b[0m\u001b[2m:20:15)\u001b[22m\u001b[2m\u001b[22m\n\n\u001b[1m\u001b[31m  \u001b[1m● \u001b[22m\u001b[1mAPI Integration Tests › Client-side API (apiFetch) › should handle HTTP error responses\u001b[39m\u001b[22m\n\n    TypeError: Cannot read properties of undefined (reading 'mockClear')\n\u001b[2m\u001b[22m\n\u001b[2m    \u001b[0m \u001b[90m 18 |\u001b[39m describe(\u001b[32m'API Integration Tests'\u001b[39m\u001b[33m,\u001b[39m () \u001b[33m=>\u001b[39m {\u001b[22m\n\u001b[2m     \u001b[90m 19 |\u001b[39m   beforeEach(() \u001b[33m=>\u001b[39m {\u001b[22m\n\u001b[2m    \u001b[31m\u001b[1m>\u001b[22m\u001b[2m\u001b[39m\u001b[90m 20 |\u001b[39m     mockFetch\u001b[33m.\u001b[39mmockClear()\u001b[33m;\u001b[39m\u001b[22m\n\u001b[2m     \u001b[90m    |\u001b[39m               \u001b[31m\u001b[1m^\u001b[22m\u001b[2m\u001b[39m\u001b[22m\n\u001b[2m     \u001b[90m 21 |\u001b[39m     mockLocalStorage\u001b[33m.\u001b[39mgetItem\u001b[33m.\u001b[39mmockClear()\u001b[33m;\u001b[39m\u001b[22m\n\u001b[2m     \u001b[90m 22 |\u001b[39m     mockLocalStorage\u001b[33m.\u001b[39msetItem\u001b[33m.\u001b[39mmockClear()\u001b[33m;\u001b[39m\u001b[22m\n\u001b[2m     \u001b[90m 23 |\u001b[39m     mockLocalStorage\u001b[33m.\u001b[39mremoveItem\u001b[33m.\u001b[39mmockClear()\u001b[33m;\u001b[39m\u001b[0m\u001b[22m\n\u001b[2m\u001b[22m\n\u001b[2m      \u001b[2mat Object.mockClear (\u001b[22m\u001b[2m\u001b[0m\u001b[36m__tests__/integration/api.test.ts\u001b[39m\u001b[0m\u001b[2m:20:15)\u001b[22m\u001b[2m\u001b[22m\n\n\u001b[1m\u001b[31m  \u001b[1m● \u001b[22m\u001b[1mAPI Integration Tests › Server-side API (serverApiFetch) › should make successful GET request\u001b[39m\u001b[22m\n\n    TypeError: Cannot read properties of undefined (reading 'mockClear')\n\u001b[2m\u001b[22m\n\u001b[2m    \u001b[0m \u001b[90m 18 |\u001b[39m describe(\u001b[32m'API Integration Tests'\u001b[39m\u001b[33m,\u001b[39m () \u001b[33m=>\u001b[39m {\u001b[22m\n\u001b[2m     \u001b[90m 19 |\u001b[39m   beforeEach(() \u001b[33m=>\u001b[39m {\u001b[22m\n\u001b[2m    \u001b[31m\u001b[1m>\u001b[22m\u001b[2m\u001b[39m\u001b[90m 20 |\u001b[39m     mockFetch\u001b[33m.\u001b[39mmockClear()\u001b[33m;\u001b[39m\u001b[22m\n\u001b[2m     \u001b[90m    |\u001b[39m               \u001b[31m\u001b[1m^\u001b[22m\u001b[2m\u001b[39m\u001b[22m\n\u001b[2m     \u001b[90m 21 |\u001b[39m     mockLocalStorage\u001b[33m.\u001b[39mgetItem\u001b[33m.\u001b[39mmockClear()\u001b[33m;\u001b[39m\u001b[22m\n\u001b[2m     \u001b[90m 22 |\u001b[39m     mockLocalStorage\u001b[33m.\u001b[39msetItem\u001b[33m.\u001b[39mmockClear()\u001b[33m;\u001b[39m\u001b[22m\n\u001b[2m     \u001b[90m 23 |\u001b[39m     mockLocalStorage\u001b[33m.\u001b[39mremoveItem\u001b[33m.\u001b[39mmockClear()\u001b[33m;\u001b[39m\u001b[0m\u001b[22m\n\u001b[2m\u001b[22m\n\u001b[2m      \u001b[2mat Object.mockClear (\u001b[22m\u001b[2m\u001b[0m\u001b[36m__tests__/integration/api.test.ts\u001b[39m\u001b[0m\u001b[2m:20:15)\u001b[22m\u001b[2m\u001b[22m\n\n\u001b[1m\u001b[31m  \u001b[1m● \u001b[22m\u001b[1mAPI Integration Tests › Server-side API (serverApiFetch) › should handle server-side errors\u001b[39m\u001b[22m\n\n    TypeError: Cannot read properties of undefined (reading 'mockClear')\n\u001b[2m\u001b[22m\n\u001b[2m    \u001b[0m \u001b[90m 18 |\u001b[39m describe(\u001b[32m'API Integration Tests'\u001b[39m\u001b[33m,\u001b[39m () \u001b[33m=>\u001b[39m {\u001b[22m\n\u001b[2m     \u001b[90m 19 |\u001b[39m   beforeEach(() \u001b[33m=>\u001b[39m {\u001b[22m\n\u001b[2m    \u001b[31m\u001b[1m>\u001b[22m\u001b[2m\u001b[39m\u001b[90m 20 |\u001b[39m     mockFetch\u001b[33m.\u001b[39mmockClear()\u001b[33m;\u001b[39m\u001b[22m\n\u001b[2m     \u001b[90m    |\u001b[39m               \u001b[31m\u001b[1m^\u001b[22m\u001b[2m\u001b[39m\u001b[22m\n\u001b[2m     \u001b[90m 21 |\u001b[39m     mockLocalStorage\u001b[33m.\u001b[39mgetItem\u001b[33m.\u001b[39mmockClear()\u001b[33m;\u001b[39m\u001b[22m\n\u001b[2m     \u001b[90m 22 |\u001b[39m     mockLocalStorage\u001b[33m.\u001b[39msetItem\u001b[33m.\u001b[39mmockClear()\u001b[33m;\u001b[39m\u001b[22m\n\u001b[2m     \u001b[90m 23 |\u001b[39m     mockLocalStorage\u001b[33m.\u001b[39mremoveItem\u001b[33m.\u001b[39mmockClear()\u001b[33m;\u001b[39m\u001b[0m\u001b[22m\n\u001b[2m\u001b[22m\n\u001b[2m      \u001b[2mat Object.mockClear (\u001b[22m\u001b[2m\u001b[0m\u001b[36m__tests__/integration/api.test.ts\u001b[39m\u001b[0m\u001b[2m:20:15)\u001b[22m\u001b[2m\u001b[22m\n","name":"C:\\Users\\n_deb\\OneDrive\\Desktop\\DE-website\\__tests__\\integration\\api.test.ts","startTime":1753215314575,"status":"failed","summary":""},{"assertionResults":[{"ancestorTitles":["Authentication Integration Tests","AuthContext"],"duration":4,"failing":false,"failureDetails":[],"failureMessages":[],"fullName":"Authentication Integration Tests AuthContext should provide initial unauthenticated state","invocations":1,"location":null,"numPassingAsserts":4,"retryReasons":[],"startAt":1753215314723,"status":"passed","title":"should provide initial unauthenticated state"},{"ancestorTitles":["Authentication Integration Tests","AuthContext"],"duration":26,"failing":false,"failureDetails":[],"failureMessages":[],"fullName":"Authentication Integration Tests AuthContext should handle successful login","invocations":1,"location":null,"numPassingAsserts":5,"retryReasons":[],"startAt":1753215314728,"status":"passed","title":"should handle successful login"},{"ancestorTitles":["Authentication Integration Tests","AuthContext"],"duration":31,"failing":false,"failureDetails":[],"failureMessages":[],"fullName":"Authentication Integration Tests AuthContext should handle login failure","invocations":1,"location":null,"numPassingAsserts":3,"retryReasons":[],"startAt":1753215314755,"status":"passed","title":"should handle login failure"},{"ancestorTitles":["Authentication Integration Tests","AuthContext"],"duration":45,"failing":false,"failureDetails":[],"failureMessages":[],"fullName":"Authentication Integration Tests AuthContext should handle logout","invocations":1,"location":null,"numPassingAsserts":4,"retryReasons":[],"startAt":1753215314787,"status":"passed","title":"should handle logout"},{"ancestorTitles":["Authentication Integration Tests","AuthContext"],"duration":14,"failing":false,"failureDetails":[],"failureMessages":[],"fullName":"Authentication Integration Tests AuthContext should restore authentication from localStorage on mount","invocations":1,"location":null,"numPassingAsserts":3,"retryReasons":[],"startAt":1753215314833,"status":"passed","title":"should restore authentication from localStorage on mount"},{"ancestorTitles":["Authentication Integration Tests","RoleGuard Component"],"duration":16,"failing":false,"failureDetails":[],"failureMessages":[],"fullName":"Authentication Integration Tests RoleGuard Component should show content when user has required role","invocations":1,"location":null,"numPassingAsserts":1,"retryReasons":[],"startAt":1753215314847,"status":"passed","title":"should show content when user has required role"},{"ancestorTitles":["Authentication Integration Tests","RoleGuard Component"],"duration":15,"failing":false,"failureDetails":[],"failureMessages":[],"fullName":"Authentication Integration Tests RoleGuard Component should hide content when user lacks required role","invocations":1,"location":null,"numPassingAsserts":1,"retryReasons":[],"startAt":1753215314864,"status":"passed","title":"should hide content when user lacks required role"},{"ancestorTitles":["Authentication Integration Tests","RoleGuard Component"],"duration":2,"failing":false,"failureDetails":[],"failureMessages":[],"fullName":"Authentication Integration Tests RoleGuard Component should hide content when user is not authenticated","invocations":1,"location":null,"numPassingAsserts":1,"retryReasons":[],"startAt":1753215314880,"status":"passed","title":"should hide content when user is not authenticated"},{"ancestorTitles":["Authentication Integration Tests","RoleGuard Component"],"duration":11,"failing":false,"failureDetails":[],"failureMessages":[],"fullName":"Authentication Integration Tests RoleGuard Component should show content for multiple roles","invocations":1,"location":null,"numPassingAsserts":1,"retryReasons":[],"startAt":1753215314883,"status":"passed","title":"should show content for multiple roles"},{"ancestorTitles":["Authentication Integration Tests","ProtectedRoute Component"],"duration":16,"failing":false,"failureDetails":[],"failureMessages":[],"fullName":"Authentication Integration Tests ProtectedRoute Component should show content when authenticated","invocations":1,"location":null,"numPassingAsserts":1,"retryReasons":[],"startAt":1753215314895,"status":"passed","title":"should show content when authenticated"},{"ancestorTitles":["Authentication Integration Tests","ProtectedRoute Component"],"duration":2,"failing":false,"failureDetails":[],"failureMessages":[],"fullName":"Authentication Integration Tests ProtectedRoute Component should redirect when not authenticated","invocations":1,"location":null,"numPassingAsserts":1,"retryReasons":[],"startAt":1753215314912,"status":"passed","title":"should redirect when not authenticated"},{"ancestorTitles":["Authentication Integration Tests","Role-based Access Control"],"duration":10,"failing":false,"failureDetails":[],"failureMessages":[],"fullName":"Authentication Integration Tests Role-based Access Control should correctly check admin role","invocations":1,"location":null,"numPassingAsserts":4,"retryReasons":[],"startAt":1753215314915,"status":"passed","title":"should correctly check admin role"},{"ancestorTitles":["Authentication Integration Tests","Role-based Access Control"],"duration":15,"failing":false,"failureDetails":[],"failureMessages":[],"fullName":"Authentication Integration Tests Role-based Access Control should correctly check editor role","invocations":1,"location":null,"numPassingAsserts":2,"retryReasons":[],"startAt":1753215314926,"status":"passed","title":"should correctly check editor role"},{"ancestorTitles":["Authentication Integration Tests","Role-based Access Control"],"duration":5,"failing":false,"failureDetails":[],"failureMessages":[],"fullName":"Authentication Integration Tests Role-based Access Control should correctly check viewer role","invocations":1,"location":null,"numPassingAsserts":2,"retryReasons":[],"startAt":1753215314942,"status":"passed","title":"should correctly check viewer role"}],"endTime":1753215314949,"message":"","name":"C:\\Users\\n_deb\\OneDrive\\Desktop\\DE-website\\__tests__\\integration\\auth.test.tsx","startTime":1753215314649,"status":"passed","summary":""},{"assertionResults":[{"ancestorTitles":["Navbar"],"duration":10,"failing":false,"failureDetails":[],"failureMessages":[],"fullName":"Navbar renders the logo","invocations":1,"location":null,"numPassingAsserts":1,"retryReasons":[],"startAt":1753215315035,"status":"passed","title":"renders the logo"},{"ancestorTitles":["Navbar"],"duration":11,"failing":false,"failureDetails":[],"failureMessages":[],"fullName":"Navbar renders all navigation links","invocations":1,"location":null,"numPassingAsserts":6,"retryReasons":[],"startAt":1753215315046,"status":"passed","title":"renders all navigation links"},{"ancestorTitles":["Navbar"],"duration":11,"failing":false,"failureDetails":[],"failureMessages":[],"fullName":"Navbar shows dropdown menu when Technology is clicked","invocations":1,"location":null,"numPassingAsserts":3,"retryReasons":[],"startAt":1753215315058,"status":"passed","title":"shows dropdown menu when Technology is clicked"},{"ancestorTitles":["Navbar"],"duration":8,"failing":false,"failureDetails":[],"failureMessages":[],"fullName":"Navbar shows dropdown menu when Team is clicked","invocations":1,"location":null,"numPassingAsserts":1,"retryReasons":[],"startAt":1753215315070,"status":"passed","title":"shows dropdown menu when Team is clicked"},{"ancestorTitles":["Navbar"],"duration":null,"failing":false,"failureDetails":[],"failureMessages":[],"fullName":"Navbar closes dropdown when clicking outside","invocations":1,"location":null,"numPassingAsserts":0,"retryReasons":[],"startAt":1753215315079,"status":"pending","title":"closes dropdown when clicking outside"},{"ancestorTitles":["Navbar"],"duration":35,"failing":false,"failureDetails":[],"failureMessages":[],"fullName":"Navbar has proper accessibility attributes","invocations":1,"location":null,"numPassingAsserts":1,"retryReasons":[],"startAt":1753215315079,"status":"passed","title":"has proper accessibility attributes"},{"ancestorTitles":["Navbar"],"duration":12,"failing":false,"failureDetails":[],"failureMessages":[],"fullName":"Navbar toggles mobile menu when hamburger button is clicked","invocations":1,"location":null,"numPassingAsserts":1,"retryReasons":[],"startAt":1753215315115,"status":"passed","title":"toggles mobile menu when hamburger button is clicked"}],"endTime":1753215315128,"message":"","name":"C:\\Users\\n_deb\\OneDrive\\Desktop\\DE-website\\__tests__\\components\\Navbar.test.tsx","startTime":1753215314959,"status":"focused","summary":""},{"assertionResults":[{"ancestorTitles":["ScrollTriggeredDiagram"],"duration":37,"failing":false,"failureDetails":[],"failureMessages":[],"fullName":"ScrollTriggeredDiagram renders all steps","invocations":1,"location":null,"numPassingAsserts":4,"retryReasons":[],"startAt":1753215315234,"status":"passed","title":"renders all steps"},{"ancestorTitles":["ScrollTriggeredDiagram"],"duration":4,"failing":false,"failureDetails":[],"failureMessages":[],"fullName":"ScrollTriggeredDiagram renders step numbers","invocations":1,"location":null,"numPassingAsserts":2,"retryReasons":[],"startAt":1753215315272,"status":"passed","title":"renders step numbers"},{"ancestorTitles":["ScrollTriggeredDiagram"],"duration":5,"failing":false,"failureDetails":[],"failureMessages":[],"fullName":"ScrollTriggeredDiagram renders icons","invocations":1,"location":null,"numPassingAsserts":1,"retryReasons":[],"startAt":1753215315276,"status":"passed","title":"renders icons"}],"endTime":1753215315282,"message":"","name":"C:\\Users\\n_deb\\OneDrive\\Desktop\\DE-website\\__tests__\\components\\ScrollTriggeredDiagram.test.tsx","startTime":1753215315138,"status":"passed","summary":""},{"assertionResults":[{"ancestorTitles":["Minimal DocumentList"],"duration":62,"failing":false,"failureDetails":[],"failureMessages":[],"fullName":"Minimal DocumentList renders DocumentList and waits for document names to appear","invocations":1,"location":null,"numPassingAsserts":0,"retryReasons":[],"startAt":1753215315353,"status":"passed","title":"renders DocumentList and waits for document names to appear"}],"endTime":1753215315416,"message":"","name":"C:\\Users\\n_deb\\OneDrive\\Desktop\\DE-website\\__tests__\\minimal-doclist.test.tsx","startTime":1753215315288,"status":"passed","summary":""},{"assertionResults":[{"ancestorTitles":["ErrorBoundary"],"duration":3,"failing":false,"failureDetails":[],"failureMessages":[],"fullName":"ErrorBoundary renders children when there is no error","invocations":1,"location":null,"numPassingAsserts":1,"retryReasons":[],"startAt":1753215315485,"status":"passed","title":"renders children when there is no error"},{"ancestorTitles":["ErrorBoundary"],"duration":17,"failing":false,"failureDetails":[],"failureMessages":[],"fullName":"ErrorBoundary renders fallback UI when there is an error","invocations":1,"location":null,"numPassingAsserts":2,"retryReasons":[],"startAt":1753215315489,"status":"passed","title":"renders fallback UI when there is an error"},{"ancestorTitles":["ErrorBoundary"],"duration":5,"failing":false,"failureDetails":[],"failureMessages":[],"fullName":"ErrorBoundary renders custom fallback when provided","invocations":1,"location":null,"numPassingAsserts":1,"retryReasons":[],"startAt":1753215315507,"status":"passed","title":"renders custom fallback when provided"},{"ancestorTitles":["ErrorBoundary"],"duration":8,"failing":false,"failureDetails":[],"failureMessages":[],"fullName":"ErrorBoundary shows refresh button","invocations":1,"location":null,"numPassingAsserts":1,"retryReasons":[],"startAt":1753215315512,"status":"passed","title":"shows refresh button"},{"ancestorTitles":["ErrorBoundary"],"duration":7,"failing":false,"failureDetails":[],"failureMessages":[],"fullName":"ErrorBoundary shows try again button","invocations":1,"location":null,"numPassingAsserts":1,"retryReasons":[],"startAt":1753215315520,"status":"passed","title":"shows try again button"},{"ancestorTitles":["ErrorBoundary"],"duration":15,"failing":false,"failureDetails":[],"failureMessages":[],"fullName":"ErrorBoundary resets error state when try again is clicked","invocations":1,"location":null,"numPassingAsserts":2,"retryReasons":[],"startAt":1753215315530,"status":"passed","title":"resets error state when try again is clicked"},{"ancestorTitles":["ErrorBoundary"],"duration":7,"failing":false,"failureDetails":[],"failureMessages":[],"fullName":"ErrorBoundary shows error details in development mode","invocations":1,"location":null,"numPassingAsserts":1,"retryReasons":[],"startAt":1753215315546,"status":"passed","title":"shows error details in development mode"},{"ancestorTitles":["ErrorBoundary"],"duration":8,"failing":false,"failureDetails":[],"failureMessages":[],"fullName":"ErrorBoundary does not show error details in production mode","invocations":1,"location":null,"numPassingAsserts":1,"retryReasons":[],"startAt":1753215315554,"status":"passed","title":"does not show error details in production mode"}],"endTime":1753215315563,"message":"","name":"C:\\Users\\n_deb\\OneDrive\\Desktop\\DE-website\\__tests__\\components\\ErrorBoundary.test.tsx","startTime":1753215315423,"status":"passed","summary":""},{"assertionResults":[{"ancestorTitles":["DocumentList Integration"],"duration":70,"failing":false,"failureDetails":[],"failureMessages":[],"fullName":"DocumentList Integration renders and waits for document names to appear","invocations":1,"location":null,"numPassingAsserts":0,"retryReasons":[],"startAt":1753215315636,"status":"passed","title":"renders and waits for document names to appear"}],"endTime":1753215315706,"message":"","name":"C:\\Users\\n_deb\\OneDrive\\Desktop\\DE-website\\__tests__\\integration\\documents.test.tsx","startTime":1753215315576,"status":"passed","summary":""}],"wasInterrupted":false}
